{"total": {"lines":{"total":312,"covered":79,"skipped":0,"pct":25.32},"statements":{"total":333,"covered":83,"skipped":0,"pct":24.92},"functions":{"total":108,"covered":24,"skipped":0,"pct":22.22},"branches":{"total":117,"covered":14,"skipped":0,"pct":11.96},"branchesTrue":{"total":0,"covered":0,"skipped":0,"pct":100}}
,"/Users/yosef/Documents/Projects/TASK-w1t30/repo/web/src/app/auth/pages/login.component.ts": {"lines":{"total":39,"covered":1,"skipped":0,"pct":2.56},"functions":{"total":7,"covered":0,"skipped":0,"pct":0},"statements":{"total":41,"covered":1,"skipped":0,"pct":2.43},"branches":{"total":23,"covered":0,"skipped":0,"pct":0}}
,"/Users/yosef/Documents/Projects/TASK-w1t30/repo/web/src/app/auth/pages/pending.component.ts": {"lines":{"total":19,"covered":1,"skipped":0,"pct":5.26},"functions":{"total":7,"covered":0,"skipped":0,"pct":0},"statements":{"total":20,"covered":1,"skipped":0,"pct":5},"branches":{"total":5,"covered":0,"skipped":0,"pct":0}}
,"/Users/yosef/Documents/Projects/TASK-w1t30/repo/web/src/app/auth/pages/register.component.ts": {"lines":{"total":31,"covered":1,"skipped":0,"pct":3.22},"functions":{"total":8,"covered":0,"skipped":0,"pct":0},"statements":{"total":36,"covered":1,"skipped":0,"pct":2.77},"branches":{"total":23,"covered":0,"skipped":0,"pct":0}}
,"/Users/yosef/Documents/Projects/TASK-w1t30/repo/web/src/app/core/db/dexie.ts": {"lines":{"total":3,"covered":3,"skipped":0,"pct":100},"functions":{"total":1,"covered":1,"skipped":0,"pct":100},"statements":{"total":3,"covered":3,"skipped":0,"pct":100},"branches":{"total":0,"covered":0,"skipped":0,"pct":100}}
,"/Users/yosef/Documents/Projects/TASK-w1t30/repo/web/src/app/core/guards/auth.guard.ts": {"lines":{"total":6,"covered":6,"skipped":0,"pct":100},"functions":{"total":1,"covered":1,"skipped":0,"pct":100},"statements":{"total":6,"covered":6,"skipped":0,"pct":100},"branches":{"total":1,"covered":1,"skipped":0,"pct":100}}
,"/Users/yosef/Documents/Projects/TASK-w1t30/repo/web/src/app/core/guards/role.guard.ts": {"lines":{"total":10,"covered":1,"skipped":0,"pct":10},"functions":{"total":1,"covered":0,"skipped":0,"pct":0},"statements":{"total":10,"covered":1,"skipped":0,"pct":10},"branches":{"total":6,"covered":0,"skipped":0,"pct":0}}
,"/Users/yosef/Documents/Projects/TASK-w1t30/repo/web/src/app/core/http/auth.interceptor.ts": {"lines":{"total":33,"covered":8,"skipped":0,"pct":24.24},"functions":{"total":12,"covered":3,"skipped":0,"pct":25},"statements":{"total":37,"covered":8,"skipped":0,"pct":21.62},"branches":{"total":9,"covered":0,"skipped":0,"pct":0}}
,"/Users/yosef/Documents/Projects/TASK-w1t30/repo/web/src/app/core/http/outbox.service.ts": {"lines":{"total":18,"covered":18,"skipped":0,"pct":100},"functions":{"total":5,"covered":5,"skipped":0,"pct":100},"statements":{"total":18,"covered":18,"skipped":0,"pct":100},"branches":{"total":2,"covered":2,"skipped":0,"pct":100}}
,"/Users/yosef/Documents/Projects/TASK-w1t30/repo/web/src/app/core/stores/auth.store.ts": {"lines":{"total":22,"covered":22,"skipped":0,"pct":100},"functions":{"total":12,"covered":12,"skipped":0,"pct":100},"statements":{"total":24,"covered":24,"skipped":0,"pct":100},"branches":{"total":9,"covered":9,"skipped":0,"pct":100}}
,"/Users/yosef/Documents/Projects/TASK-w1t30/repo/web/src/app/core/stores/network-status.service.ts": {"lines":{"total":14,"covered":2,"skipped":0,"pct":14.28},"functions":{"total":7,"covered":0,"skipped":0,"pct":0},"statements":{"total":14,"covered":2,"skipped":0,"pct":14.28},"branches":{"total":1,"covered":0,"skipped":0,"pct":0}}
,"/Users/yosef/Documents/Projects/TASK-w1t30/repo/web/src/app/core/stores/toast.service.ts": {"lines":{"total":13,"covered":1,"skipped":0,"pct":7.69},"functions":{"total":9,"covered":0,"skipped":0,"pct":0},"statements":{"total":16,"covered":2,"skipped":0,"pct":12.5},"branches":{"total":4,"covered":0,"skipped":0,"pct":0}}
,"/Users/yosef/Documents/Projects/TASK-w1t30/repo/web/src/app/home/home.component.ts": {"lines":{"total":30,"covered":1,"skipped":0,"pct":3.33},"functions":{"total":14,"covered":0,"skipped":0,"pct":0},"statements":{"total":30,"covered":1,"skipped":0,"pct":3.33},"branches":{"total":8,"covered":0,"skipped":0,"pct":0}}
,"/Users/yosef/Documents/Projects/TASK-w1t30/repo/web/src/app/sessions/session.store.ts": {"lines":{"total":38,"covered":9,"skipped":0,"pct":23.68},"functions":{"total":13,"covered":2,"skipped":0,"pct":15.38},"statements":{"total":42,"covered":10,"skipped":0,"pct":23.8},"branches":{"total":17,"covered":2,"skipped":0,"pct":11.76}}
,"/Users/yosef/Documents/Projects/TASK-w1t30/repo/web/src/app/shared/ui/app-shell.component.ts": {"lines":{"total":16,"covered":2,"skipped":0,"pct":12.5},"functions":{"total":6,"covered":0,"skipped":0,"pct":0},"statements":{"total":16,"covered":2,"skipped":0,"pct":12.5},"branches":{"total":5,"covered":0,"skipped":0,"pct":0}}
,"/Users/yosef/Documents/Projects/TASK-w1t30/repo/web/src/app/shared/ui/banner.component.ts": {"lines":{"total":8,"covered":1,"skipped":0,"pct":12.5},"functions":{"total":2,"covered":0,"skipped":0,"pct":0},"statements":{"total":8,"covered":1,"skipped":0,"pct":12.5},"branches":{"total":0,"covered":0,"skipped":0,"pct":100}}
,"/Users/yosef/Documents/Projects/TASK-w1t30/repo/web/src/app/shared/ui/skeleton.component.ts": {"lines":{"total":4,"covered":1,"skipped":0,"pct":25},"functions":{"total":1,"covered":0,"skipped":0,"pct":0},"statements":{"total":4,"covered":1,"skipped":0,"pct":25},"branches":{"total":0,"covered":0,"skipped":0,"pct":100}}
,"/Users/yosef/Documents/Projects/TASK-w1t30/repo/web/src/app/shared/ui/toast-container.component.ts": {"lines":{"total":8,"covered":1,"skipped":0,"pct":12.5},"functions":{"total":2,"covered":0,"skipped":0,"pct":0},"statements":{"total":8,"covered":1,"skipped":0,"pct":12.5},"branches":{"total":4,"covered":0,"skipped":0,"pct":0}}
}
