{"total": {"lines":{"total":46,"covered":45,"skipped":0,"pct":97.82},"statements":{"total":48,"covered":46,"skipped":0,"pct":95.83},"functions":{"total":18,"covered":16,"skipped":0,"pct":88.88},"branches":{"total":12,"covered":11,"skipped":0,"pct":91.66},"branchesTrue":{"total":0,"covered":0,"skipped":0,"pct":100}}
,"/Users/yosef/Documents/Projects/TASK-w1t30/repo/web/src/app/core/guards/auth.guard.ts": {"lines":{"total":6,"covered":6,"skipped":0,"pct":100},"functions":{"total":1,"covered":1,"skipped":0,"pct":100},"statements":{"total":6,"covered":6,"skipped":0,"pct":100},"branches":{"total":1,"covered":1,"skipped":0,"pct":100}}
,"/Users/yosef/Documents/Projects/TASK-w1t30/repo/web/src/app/core/http/outbox.service.ts": {"lines":{"total":18,"covered":18,"skipped":0,"pct":100},"functions":{"total":5,"covered":5,"skipped":0,"pct":100},"statements":{"total":18,"covered":18,"skipped":0,"pct":100},"branches":{"total":2,"covered":2,"skipped":0,"pct":100}}
,"/Users/yosef/Documents/Projects/TASK-w1t30/repo/web/src/app/core/stores/auth.store.ts": {"lines":{"total":22,"covered":21,"skipped":0,"pct":95.45},"functions":{"total":12,"covered":10,"skipped":0,"pct":83.33},"statements":{"total":24,"covered":22,"skipped":0,"pct":91.66},"branches":{"total":9,"covered":8,"skipped":0,"pct":88.88}}
}
